app/build/intermediates/manifest_merge_blame_file/release/processReleaseMainManifest/manifest-merger-blame-release-report.txt
1<?xml version="1.0" encoding="utf-8"?>
2<!--
3    Copyright 2019 Google Inc. All Rights Reserved.
4
5     Licensed under the Apache License, Version 2.0 (the "License");
6     you may not use this file except in compliance with the License.
7     You may obtain a copy of the License at
8
9         http://www.apache.org/licenses/LICENSE-2.0
10
11     Unless required by applicable law or agreed to in writing, software
12     distributed under the License is distributed on an "AS IS" BASIS,
13     WITHOUT WARRANTIES OR CONDITIONS OF ANY KIND, either express or implied.
14     See the License for the specific language governing permissions and
15     limitations under the License.
16-->
17<!--
18 The "package" attribute is rewritten by the Gradle build with the value of applicationId.
19     It is still required here, as it is used to derive paths, for instance when referring
20     to an Activity by ".MyActivity" instead of the full name. If more Activities are added to the
21     application, the package attribute will need to reflect the correct path in order to use
22     the abbreviated format.
23-->
24<manifest xmlns:android="http://schemas.android.com/apk/res/android"
25    package="io.github.isaelmartins.twa"
26    android:versionCode="1"
27    android:versionName="1" >
28
29    <uses-sdk
30        android:minSdkVersion="21"
31        android:targetSdkVersion="35" />
32
33    <uses-permission android:name="android.permission.POST_NOTIFICATIONS" />
33-->src\main\AndroidManifest.xml:26:9-80
33-->src\main\AndroidManifest.xml:26:26-78
34    <uses-permission android:name="android.permission.ACCESS_FINE_LOCATION" />
34-->[com.google.androidbrowserhelper:locationdelegation:1.1.2] AndroidManifest.xml:7:5-79
34-->[com.google.androidbrowserhelper:locationdelegation:1.1.2] AndroidManifest.xml:7:22-76
35    <uses-permission android:name="android.permission.ACCESS_COARSE_LOCATION" />
35-->[com.google.androidbrowserhelper:locationdelegation:1.1.2] AndroidManifest.xml:8:5-81
35-->[com.google.androidbrowserhelper:locationdelegation:1.1.2] AndroidManifest.xml:8:22-78
36
37    <queries>
37-->[com.google.androidbrowserhelper:androidbrowserhelper:2.6.2] AndroidManifest.xml:22:5-30:15
38        <intent>
38-->[com.google.androidbrowserhelper:androidbrowserhelper:2.6.2] AndroidManifest.xml:23:9-29:18
39            <action android:name="android.intent.action.VIEW" />
39-->src\main\AndroidManifest.xml:148:17-68
39-->src\main\AndroidManifest.xml:148:25-66
40
41            <category android:name="android.intent.category.BROWSABLE" />
41-->src\main\AndroidManifest.xml:150:17-77
41-->src\main\AndroidManifest.xml:150:27-75
42
43            <data android:scheme="https" />
43-->src\main\AndroidManifest.xml:151:17-156:19
43-->src\main\AndroidManifest.xml:151:23-45
44        </intent>
45        <intent>
45-->[com.android.billingclient:billing:7.1.1] AndroidManifest.xml:13:9-15:18
46            <action android:name="com.android.vending.billing.InAppBillingService.BIND" />
46-->[com.android.billingclient:billing:7.1.1] AndroidManifest.xml:14:13-91
46-->[com.android.billingclient:billing:7.1.1] AndroidManifest.xml:14:21-88
47        </intent>
48        <intent>
48-->[com.android.billingclient:billing:7.1.1] AndroidManifest.xml:16:9-18:18
49            <action android:name="com.google.android.apps.play.billingtestcompanion.BillingOverrideService.BIND" />
49-->[com.android.billingclient:billing:7.1.1] AndroidManifest.xml:17:13-116
49-->[com.android.billingclient:billing:7.1.1] AndroidManifest.xml:17:21-113
50        </intent>
51    </queries>
52
53    <uses-permission android:name="com.android.vending.BILLING" />
53-->[com.android.billingclient:billing:7.1.1] AndroidManifest.xml:10:5-67
53-->[com.android.billingclient:billing:7.1.1] AndroidManifest.xml:10:22-64
54
55    <permission
55-->[androidx.core:core:1.13.0] AndroidManifest.xml:22:5-24:47
56        android:name="io.github.isaelmartins.twa.DYNAMIC_RECEIVER_NOT_EXPORTED_PERMISSION"
56-->[androidx.core:core:1.13.0] AndroidManifest.xml:23:9-81
57        android:protectionLevel="signature" />
57-->[androidx.core:core:1.13.0] AndroidManifest.xml:24:9-44
58
59    <uses-permission android:name="io.github.isaelmartins.twa.DYNAMIC_RECEIVER_NOT_EXPORTED_PERMISSION" /> <!-- Although the *SdkVersion is captured in gradle build files, this is required for non gradle builds -->
59-->[androidx.core:core:1.13.0] AndroidManifest.xml:26:5-97
59-->[androidx.core:core:1.13.0] AndroidManifest.xml:26:22-94
60    <!-- <uses-sdk android:minSdkVersion="14"/> -->
61    <uses-permission android:name="android.permission.ACCESS_NETWORK_STATE" />
61-->[com.google.android.datatransport:transport-backend-cct:3.1.8] AndroidManifest.xml:24:5-79
61-->[com.google.android.datatransport:transport-backend-cct:3.1.8] AndroidManifest.xml:24:22-76
62    <uses-permission android:name="android.permission.INTERNET" />
62-->[com.google.android.datatransport:transport-backend-cct:3.1.8] AndroidManifest.xml:25:5-67
62-->[com.google.android.datatransport:transport-backend-cct:3.1.8] AndroidManifest.xml:25:22-64
63
64    <application
64-->src\main\AndroidManifest.xml:35:5-229:19
65        android:name="io.github.isaelmartins.twa.Application"
65-->src\main\AndroidManifest.xml:36:9-35
66        android:allowBackup="true"
66-->src\main\AndroidManifest.xml:37:9-35
67        android:appComponentFactory="androidx.core.app.CoreComponentFactory"
67-->[androidx.core:core:1.13.0] AndroidManifest.xml:28:18-86
68        android:extractNativeLibs="true"
69        android:icon="@mipmap/ic_launcher"
69-->src\main\AndroidManifest.xml:38:9-43
70        android:label="@string/appName"
70-->src\main\AndroidManifest.xml:39:9-40
71        android:manageSpaceActivity="com.google.androidbrowserhelper.trusted.ManageDataLauncherActivity"
71-->src\main\AndroidManifest.xml:41:9-105
72        android:supportsRtl="true"
72-->src\main\AndroidManifest.xml:43:9-35
73        android:theme="@android:style/Theme.Translucent.NoTitleBar" >
73-->src\main\AndroidManifest.xml:44:9-68
74        <meta-data
74-->src\main\AndroidManifest.xml:46:9-48:58
75            android:name="asset_statements"
75-->src\main\AndroidManifest.xml:47:13-44
76            android:resource="@string/assetStatements" />
76-->src\main\AndroidManifest.xml:48:13-55
77        <meta-data
77-->src\main\AndroidManifest.xml:51:13-53:58
78            android:name="web_manifest_url"
78-->src\main\AndroidManifest.xml:52:17-48
79            android:value="@string/webManifestUrl" />
79-->src\main\AndroidManifest.xml:53:17-55
80        <meta-data
80-->src\main\AndroidManifest.xml:56:9-58:52
81            android:name="twa_generator"
81-->src\main\AndroidManifest.xml:57:13-41
82            android:value="@string/generatorApp" />
82-->src\main\AndroidManifest.xml:58:13-49
83
84        <activity
84-->src\main\AndroidManifest.xml:65:13-76:24
85            android:name="com.google.androidbrowserhelper.trusted.ManageDataLauncherActivity"
85-->src\main\AndroidManifest.xml:65:23-104
86            android:enabled="true"
86-->src\main\AndroidManifest.xml:67:17-39
87            android:excludeFromRecents="true"
87-->src\main\AndroidManifest.xml:68:17-50
88            android:exported="false" >
88-->src\main\AndroidManifest.xml:66:17-41
89            <meta-data
89-->src\main\AndroidManifest.xml:69:17-71:57
90                android:name="android.support.customtabs.trusted.MANAGE_SPACE_URL"
90-->src\main\AndroidManifest.xml:70:21-87
91                android:value="@string/launchUrl" />
91-->src\main\AndroidManifest.xml:71:21-54
92
93            <intent-filter>
93-->src\main\AndroidManifest.xml:72:17-75:33
94                <action android:name="android.intent.action.APPLICATION_PREFERENCES" />
94-->src\main\AndroidManifest.xml:73:21-92
94-->src\main\AndroidManifest.xml:73:29-89
95
96                <category android:name="android.intent.category.DEFAULT" />
96-->src\main\AndroidManifest.xml:74:21-80
96-->src\main\AndroidManifest.xml:74:31-77
97            </intent-filter>
98        </activity>
99        <activity
99-->src\main\AndroidManifest.xml:79:9-162:20
100            android:name="io.github.isaelmartins.twa.LauncherActivity"
100-->src\main\AndroidManifest.xml:79:19-50
101            android:alwaysRetainTaskState="true"
101-->src\main\AndroidManifest.xml:80:13-49
102            android:exported="true"
102-->src\main\AndroidManifest.xml:82:13-36
103            android:label="@string/launcherName" >
103-->src\main\AndroidManifest.xml:81:13-49
104            <meta-data
104-->src\main\AndroidManifest.xml:83:13-84:53
105                android:name="android.support.customtabs.trusted.DEFAULT_URL"
105-->src\main\AndroidManifest.xml:83:24-85
106                android:value="@string/launchUrl" />
106-->src\main\AndroidManifest.xml:84:17-50
107            <meta-data
107-->src\main\AndroidManifest.xml:86:13-88:58
108                android:name="android.support.customtabs.trusted.STATUS_BAR_COLOR"
108-->src\main\AndroidManifest.xml:87:17-83
109                android:resource="@color/colorPrimary" />
109-->src\main\AndroidManifest.xml:88:17-55
110            <meta-data
110-->src\main\AndroidManifest.xml:92:13-94:62
111                android:name="android.support.customtabs.trusted.STATUS_BAR_COLOR_DARK"
111-->src\main\AndroidManifest.xml:93:17-88
112                android:resource="@color/colorPrimaryDark" />
112-->src\main\AndroidManifest.xml:94:17-59
113            <meta-data
113-->src\main\AndroidManifest.xml:96:13-98:61
114                android:name="android.support.customtabs.trusted.NAVIGATION_BAR_COLOR"
114-->src\main\AndroidManifest.xml:97:17-87
115                android:resource="@color/navigationColor" />
115-->src\main\AndroidManifest.xml:98:17-58
116            <meta-data
116-->src\main\AndroidManifest.xml:100:13-102:65
117                android:name="android.support.customtabs.trusted.NAVIGATION_BAR_COLOR_DARK"
117-->src\main\AndroidManifest.xml:101:17-92
118                android:resource="@color/navigationColorDark" />
118-->src\main\AndroidManifest.xml:102:17-62
119            <meta-data
119-->src\main\AndroidManifest.xml:104:13-106:68
120                android:name="androix.browser.trusted.NAVIGATION_BAR_DIVIDER_COLOR"
120-->src\main\AndroidManifest.xml:105:17-84
121                android:resource="@color/navigationDividerColor" />
121-->src\main\AndroidManifest.xml:106:17-65
122            <meta-data
122-->src\main\AndroidManifest.xml:108:13-110:72
123                android:name="androix.browser.trusted.NAVIGATION_BAR_DIVIDER_COLOR_DARK"
123-->src\main\AndroidManifest.xml:109:17-89
124                android:resource="@color/navigationDividerColorDark" />
124-->src\main\AndroidManifest.xml:110:17-69
125            <meta-data
125-->src\main\AndroidManifest.xml:112:13-113:54
126                android:name="android.support.customtabs.trusted.SPLASH_IMAGE_DRAWABLE"
126-->src\main\AndroidManifest.xml:112:24-95
127                android:resource="@drawable/splash" />
127-->src\main\AndroidManifest.xml:113:17-52
128            <meta-data
128-->src\main\AndroidManifest.xml:115:13-116:60
129                android:name="android.support.customtabs.trusted.SPLASH_SCREEN_BACKGROUND_COLOR"
129-->src\main\AndroidManifest.xml:115:24-104
130                android:resource="@color/backgroundColor" />
130-->src\main\AndroidManifest.xml:116:17-58
131            <meta-data
131-->src\main\AndroidManifest.xml:118:13-119:71
132                android:name="android.support.customtabs.trusted.SPLASH_SCREEN_FADE_OUT_DURATION"
132-->src\main\AndroidManifest.xml:118:24-105
133                android:value="@integer/splashScreenFadeOutDuration" />
133-->src\main\AndroidManifest.xml:119:17-69
134            <meta-data
134-->src\main\AndroidManifest.xml:121:13-122:60
135                android:name="android.support.customtabs.trusted.FILE_PROVIDER_AUTHORITY"
135-->src\main\AndroidManifest.xml:121:24-97
136                android:value="@string/providerAuthority" />
136-->src\main\AndroidManifest.xml:122:17-58
137            <meta-data
137-->src\main\AndroidManifest.xml:124:13-97
138                android:name="android.app.shortcuts"
138-->src\main\AndroidManifest.xml:124:24-60
139                android:resource="@xml/shortcuts" />
139-->src\main\AndroidManifest.xml:124:61-94
140            <meta-data
140-->src\main\AndroidManifest.xml:126:13-127:56
141                android:name="android.support.customtabs.trusted.FALLBACK_STRATEGY"
141-->src\main\AndroidManifest.xml:126:24-91
142                android:value="@string/fallbackType" />
142-->src\main\AndroidManifest.xml:127:17-53
143            <meta-data
143-->src\main\AndroidManifest.xml:133:13-134:54
144                android:name="android.support.customtabs.trusted.SCREEN_ORIENTATION"
144-->src\main\AndroidManifest.xml:133:24-92
145                android:value="@string/orientation" />
145-->src\main\AndroidManifest.xml:134:17-52
146
147            <intent-filter>
147-->src\main\AndroidManifest.xml:142:13-145:29
148                <action android:name="android.intent.action.MAIN" />
148-->src\main\AndroidManifest.xml:143:17-69
148-->src\main\AndroidManifest.xml:143:25-66
149
150                <category android:name="android.intent.category.LAUNCHER" />
150-->src\main\AndroidManifest.xml:144:17-77
150-->src\main\AndroidManifest.xml:144:27-74
151            </intent-filter>
152            <intent-filter android:autoVerify="true" >
152-->src\main\AndroidManifest.xml:147:13-157:29
152-->src\main\AndroidManifest.xml:147:28-53
153                <action android:name="android.intent.action.VIEW" />
153-->src\main\AndroidManifest.xml:148:17-68
153-->src\main\AndroidManifest.xml:148:25-66
154
155                <category android:name="android.intent.category.DEFAULT" />
155-->src\main\AndroidManifest.xml:74:21-80
155-->src\main\AndroidManifest.xml:74:31-77
156                <category android:name="android.intent.category.BROWSABLE" />
156-->src\main\AndroidManifest.xml:150:17-77
156-->src\main\AndroidManifest.xml:150:27-75
157
158                <data
158-->src\main\AndroidManifest.xml:151:17-156:19
159                    android:host="@string/hostName"
159-->src\main\AndroidManifest.xml:152:21-52
160                    android:pathPrefix="/ritmosbr/"
160-->src\main\AndroidManifest.xml:154:21-52
161                    android:scheme="https" />
161-->src\main\AndroidManifest.xml:151:23-45
162            </intent-filter>
163        </activity>
164        <activity android:name="com.google.androidbrowserhelper.trusted.FocusActivity" />
164-->src\main\AndroidManifest.xml:164:9-90
164-->src\main\AndroidManifest.xml:164:19-87
165        <activity
165-->src\main\AndroidManifest.xml:166:9-167:62
166            android:name="com.google.androidbrowserhelper.trusted.WebViewFallbackActivity"
166-->src\main\AndroidManifest.xml:166:19-97
167            android:configChanges="orientation|screenSize" />
167-->src\main\AndroidManifest.xml:167:13-59
168
169        <provider
169-->src\main\AndroidManifest.xml:169:9-177:20
170            android:name="androidx.core.content.FileProvider"
170-->src\main\AndroidManifest.xml:170:13-62
171            android:authorities="@string/providerAuthority"
171-->src\main\AndroidManifest.xml:171:13-60
172            android:exported="false"
172-->src\main\AndroidManifest.xml:173:13-37
173            android:grantUriPermissions="true" >
173-->src\main\AndroidManifest.xml:172:13-47
174            <meta-data
174-->src\main\AndroidManifest.xml:174:13-176:53
175                android:name="android.support.FILE_PROVIDER_PATHS"
175-->src\main\AndroidManifest.xml:175:17-67
176                android:resource="@xml/filepaths" />
176-->src\main\AndroidManifest.xml:176:17-50
177        </provider>
178
179        <service
179-->src\main\AndroidManifest.xml:179:9-194:19
180            android:name="io.github.isaelmartins.twa.DelegationService"
180-->src\main\AndroidManifest.xml:180:13-46
181            android:enabled="@bool/enableNotification"
181-->src\main\AndroidManifest.xml:181:13-55
182            android:exported="@bool/enableNotification" >
182-->src\main\AndroidManifest.xml:182:13-56
183            <meta-data
183-->src\main\AndroidManifest.xml:185:17-187:73
184                android:name="android.support.customtabs.trusted.SMALL_ICON"
184-->src\main\AndroidManifest.xml:186:21-81
185                android:resource="@drawable/ic_notification_icon" />
185-->src\main\AndroidManifest.xml:187:21-70
186
187            <intent-filter>
187-->src\main\AndroidManifest.xml:190:13-193:29
188                <action android:name="android.support.customtabs.trusted.TRUSTED_WEB_ACTIVITY_SERVICE" />
188-->src\main\AndroidManifest.xml:191:17-105
188-->src\main\AndroidManifest.xml:191:25-103
189
190                <category android:name="android.intent.category.DEFAULT" />
190-->src\main\AndroidManifest.xml:74:21-80
190-->src\main\AndroidManifest.xml:74:31-77
191            </intent-filter>
192        </service>
193
194        <activity android:name="com.google.androidbrowserhelper.trusted.NotificationPermissionRequestActivity" />
194-->src\main\AndroidManifest.xml:197:13-118
194-->src\main\AndroidManifest.xml:197:23-115
195        <activity android:name="com.google.androidbrowserhelper.locationdelegation.PermissionRequestActivity" />
195-->src\main\AndroidManifest.xml:201:13-202:89
195-->src\main\AndroidManifest.xml:201:23-123
196        <activity
196-->src\main\AndroidManifest.xml:205:9-218:20
197            android:name="com.google.androidbrowserhelper.playbilling.provider.PaymentActivity"
197-->src\main\AndroidManifest.xml:206:13-96
198            android:configChanges="keyboardHidden|keyboard|orientation|screenLayout|screenSize"
198-->src\main\AndroidManifest.xml:208:13-96
199            android:exported="true"
199-->src\main\AndroidManifest.xml:209:13-36
200            android:theme="@android:style/Theme.Translucent.NoTitleBar" >
200-->src\main\AndroidManifest.xml:207:13-72
201            <intent-filter>
201-->src\main\AndroidManifest.xml:211:13-213:29
202                <action android:name="org.chromium.intent.action.PAY" />
202-->src\main\AndroidManifest.xml:212:17-73
202-->src\main\AndroidManifest.xml:212:25-70
203            </intent-filter>
204
205            <meta-data
205-->src\main\AndroidManifest.xml:215:13-217:67
206                android:name="org.chromium.default_payment_method_name"
206-->src\main\AndroidManifest.xml:216:17-72
207                android:value="https://play.google.com/billing" />
207-->src\main\AndroidManifest.xml:217:17-64
208        </activity>
209
210        <!-- This service checks who calls it at runtime. -->
211        <service
211-->src\main\AndroidManifest.xml:221:9-227:19
212            android:name="com.google.androidbrowserhelper.playbilling.provider.PaymentService"
212-->src\main\AndroidManifest.xml:222:13-95
213            android:exported="true" >
213-->src\main\AndroidManifest.xml:223:13-36
214            <intent-filter>
214-->src\main\AndroidManifest.xml:224:13-226:29
215                <action android:name="org.chromium.intent.action.IS_READY_TO_PAY" />
215-->src\main\AndroidManifest.xml:225:17-85
215-->src\main\AndroidManifest.xml:225:25-82
216            </intent-filter>
217        </service>
218
219        <meta-data
219-->[com.android.billingclient:billing:7.1.1] AndroidManifest.xml:22:9-24:37
220            android:name="com.google.android.play.billingclient.version"
220-->[com.android.billingclient:billing:7.1.1] AndroidManifest.xml:23:13-73
221            android:value="7.1.1" />
221-->[com.android.billingclient:billing:7.1.1] AndroidManifest.xml:24:13-34
222
223        <activity
223-->[com.android.billingclient:billing:7.1.1] AndroidManifest.xml:26:9-30:75
224            android:name="com.android.billingclient.api.ProxyBillingActivity"
224-->[com.android.billingclient:billing:7.1.1] AndroidManifest.xml:27:13-78
225            android:configChanges="keyboard|keyboardHidden|screenLayout|screenSize|orientation"
225-->[com.android.billingclient:billing:7.1.1] AndroidManifest.xml:28:13-96
226            android:exported="false"
226-->[com.android.billingclient:billing:7.1.1] AndroidManifest.xml:29:13-37
227            android:theme="@android:style/Theme.Translucent.NoTitleBar" />
227-->[com.android.billingclient:billing:7.1.1] AndroidManifest.xml:30:13-72
228        <activity
228-->[com.android.billingclient:billing:7.1.1] AndroidManifest.xml:31:9-35:75
229            android:name="com.android.billingclient.api.ProxyBillingActivityV2"
229-->[com.android.billingclient:billing:7.1.1] AndroidManifest.xml:32:13-80
230            android:configChanges="keyboard|keyboardHidden|screenLayout|screenSize|orientation"
230-->[com.android.billingclient:billing:7.1.1] AndroidManifest.xml:33:13-96
231            android:exported="false"
231-->[com.android.billingclient:billing:7.1.1] AndroidManifest.xml:34:13-37
232            android:theme="@android:style/Theme.Translucent.NoTitleBar" />
232-->[com.android.billingclient:billing:7.1.1] AndroidManifest.xml:35:13-72
233        <activity
233-->[com.google.android.gms:play-services-base:18.5.0] AndroidManifest.xml:5:9-173
234            android:name="com.google.android.gms.common.api.GoogleApiActivity"
234-->[com.google.android.gms:play-services-base:18.5.0] AndroidManifest.xml:5:19-85
235            android:exported="false"
235-->[com.google.android.gms:play-services-base:18.5.0] AndroidManifest.xml:5:146-170
236            android:theme="@android:style/Theme.Translucent.NoTitleBar" />
236-->[com.google.android.gms:play-services-base:18.5.0] AndroidManifest.xml:5:86-145
237
238        <meta-data
238-->[com.google.android.gms:play-services-basement:18.4.0] AndroidManifest.xml:6:9-122
239            android:name="com.google.android.gms.version"
239-->[com.google.android.gms:play-services-basement:18.4.0] AndroidManifest.xml:6:20-65
240            android:value="@integer/google_play_services_version" />
240-->[com.google.android.gms:play-services-basement:18.4.0] AndroidManifest.xml:6:66-119
241
242        <provider
242-->[androidx.emoji2:emoji2:1.3.0] AndroidManifest.xml:24:9-32:20
243            android:name="androidx.startup.InitializationProvider"
243-->[androidx.emoji2:emoji2:1.3.0] AndroidManifest.xml:25:13-67
244            android:authorities="io.github.isaelmartins.twa.androidx-startup"
244-->[androidx.emoji2:emoji2:1.3.0] AndroidManifest.xml:26:13-68
245            android:exported="false" >
245-->[androidx.emoji2:emoji2:1.3.0] AndroidManifest.xml:27:13-37
246            <meta-data
246-->[androidx.emoji2:emoji2:1.3.0] AndroidManifest.xml:29:13-31:52
247                android:name="androidx.emoji2.text.EmojiCompatInitializer"
247-->[androidx.emoji2:emoji2:1.3.0] AndroidManifest.xml:30:17-75
248                android:value="androidx.startup" />
248-->[androidx.emoji2:emoji2:1.3.0] AndroidManifest.xml:31:17-49
249            <meta-data
249-->[androidx.lifecycle:lifecycle-process:2.6.2] AndroidManifest.xml:29:13-31:52
250                android:name="androidx.lifecycle.ProcessLifecycleInitializer"
250-->[androidx.lifecycle:lifecycle-process:2.6.2] AndroidManifest.xml:30:17-78
251                android:value="androidx.startup" />
251-->[androidx.lifecycle:lifecycle-process:2.6.2] AndroidManifest.xml:31:17-49
252            <meta-data
252-->[androidx.profileinstaller:profileinstaller:1.3.1] AndroidManifest.xml:29:13-31:52
253                android:name="androidx.profileinstaller.ProfileInstallerInitializer"
253-->[androidx.profileinstaller:profileinstaller:1.3.1] AndroidManifest.xml:30:17-85
254                android:value="androidx.startup" />
254-->[androidx.profileinstaller:profileinstaller:1.3.1] AndroidManifest.xml:31:17-49
255        </provider>
256
257        <service
257-->[com.google.android.datatransport:transport-backend-cct:3.1.8] AndroidManifest.xml:28:9-34:19
258            android:name="com.google.android.datatransport.runtime.backends.TransportBackendDiscovery"
258-->[com.google.android.datatransport:transport-backend-cct:3.1.8] AndroidManifest.xml:29:13-103
259            android:exported="false" >
259-->[com.google.android.datatransport:transport-backend-cct:3.1.8] AndroidManifest.xml:30:13-37
260            <meta-data
260-->[com.google.android.datatransport:transport-backend-cct:3.1.8] AndroidManifest.xml:31:13-33:39
261                android:name="backend:com.google.android.datatransport.cct.CctBackendFactory"
261-->[com.google.android.datatransport:transport-backend-cct:3.1.8] AndroidManifest.xml:32:17-94
262                android:value="cct" />
262-->[com.google.android.datatransport:transport-backend-cct:3.1.8] AndroidManifest.xml:33:17-36
263        </service>
264        <service
264-->[com.google.android.datatransport:transport-runtime:3.1.8] AndroidManifest.xml:26:9-30:19
265            android:name="com.google.android.datatransport.runtime.scheduling.jobscheduling.JobInfoSchedulerService"
265-->[com.google.android.datatransport:transport-runtime:3.1.8] AndroidManifest.xml:27:13-117
266            android:exported="false"
266-->[com.google.android.datatransport:transport-runtime:3.1.8] AndroidManifest.xml:28:13-37
267            android:permission="android.permission.BIND_JOB_SERVICE" >
267-->[com.google.android.datatransport:transport-runtime:3.1.8] AndroidManifest.xml:29:13-69
268        </service>
269
270        <receiver
270-->[com.google.android.datatransport:transport-runtime:3.1.8] AndroidManifest.xml:32:9-34:40
271            android:name="com.google.android.datatransport.runtime.scheduling.jobscheduling.AlarmManagerSchedulerBroadcastReceiver"
271-->[com.google.android.datatransport:transport-runtime:3.1.8] AndroidManifest.xml:33:13-132
272            android:exported="false" />
272-->[com.google.android.datatransport:transport-runtime:3.1.8] AndroidManifest.xml:34:13-37
273        <receiver
273-->[androidx.profileinstaller:profileinstaller:1.3.1] AndroidManifest.xml:34:9-52:20
274            android:name="androidx.profileinstaller.ProfileInstallReceiver"
274-->[androidx.profileinstaller:profileinstaller:1.3.1] AndroidManifest.xml:35:13-76
275            android:directBootAware="false"
275-->[androidx.profileinstaller:profileinstaller:1.3.1] AndroidManifest.xml:36:13-44
276            android:enabled="true"
276-->[androidx.profileinstaller:profileinstaller:1.3.1] AndroidManifest.xml:37:13-35
277            android:exported="true"
277-->[androidx.profileinstaller:profileinstaller:1.3.1] AndroidManifest.xml:38:13-36
278            android:permission="android.permission.DUMP" >
278-->[androidx.profileinstaller:profileinstaller:1.3.1] AndroidManifest.xml:39:13-57
279            <intent-filter>
279-->[androidx.profileinstaller:profileinstaller:1.3.1] AndroidManifest.xml:40:13-42:29
280                <action android:name="androidx.profileinstaller.action.INSTALL_PROFILE" />
280-->[androidx.profileinstaller:profileinstaller:1.3.1] AndroidManifest.xml:41:17-91
280-->[androidx.profileinstaller:profileinstaller:1.3.1] AndroidManifest.xml:41:25-88
281            </intent-filter>
282            <intent-filter>
282-->[androidx.profileinstaller:profileinstaller:1.3.1] AndroidManifest.xml:43:13-45:29
283                <action android:name="androidx.profileinstaller.action.SKIP_FILE" />
283-->[androidx.profileinstaller:profileinstaller:1.3.1] AndroidManifest.xml:44:17-85
283-->[androidx.profileinstaller:profileinstaller:1.3.1] AndroidManifest.xml:44:25-82
284            </intent-filter>
285            <intent-filter>
285-->[androidx.profileinstaller:profileinstaller:1.3.1] AndroidManifest.xml:46:13-48:29
286                <action android:name="androidx.profileinstaller.action.SAVE_PROFILE" />
286-->[androidx.profileinstaller:profileinstaller:1.3.1] AndroidManifest.xml:47:17-88
286-->[androidx.profileinstaller:profileinstaller:1.3.1] AndroidManifest.xml:47:25-85
287            </intent-filter>
288            <intent-filter>
288-->[androidx.profileinstaller:profileinstaller:1.3.1] AndroidManifest.xml:49:13-51:29
289                <action android:name="androidx.profileinstaller.action.BENCHMARK_OPERATION" />
289-->[androidx.profileinstaller:profileinstaller:1.3.1] AndroidManifest.xml:50:17-95
289-->[androidx.profileinstaller:profileinstaller:1.3.1] AndroidManifest.xml:50:25-92
290            </intent-filter>
291        </receiver>
292    </application>
293
294</manifest>